{"/home/kiril/anti-spam/frontend/src/components/ErrorBoundary.tsx": {"path":"/home/kiril/anti-spam/frontend/src/components/ErrorBoundary.tsx","statementMap":{"0":{"start":{"line":18,"column":4},"end":{"line":18,"column":null}},"1":{"start":{"line":19,"column":4},"end":{"line":19,"column":null}},"2":{"start":{"line":23,"column":4},"end":{"line":23,"column":null}},"3":{"start":{"line":27,"column":4},"end":{"line":27,"column":null}},"4":{"start":{"line":31,"column":4},"end":{"line":50,"column":null}},"5":{"start":{"line":32,"column":6},"end":{"line":48,"column":null}},"6":{"start":{"line":42,"column":39},"end":{"line":42,"column":65}},"7":{"start":{"line":52,"column":4},"end":{"line":52,"column":null}}},"fnMap":{"0":{"name":"(anonymous_0)","decl":{"start":{"line":17,"column":2},"end":{"line":17,"column":14}},"loc":{"start":{"line":17,"column":28},"end":{"line":20,"column":null}},"line":17},"1":{"name":"(anonymous_1)","decl":{"start":{"line":22,"column":9},"end":{"line":22,"column":34}},"loc":{"start":{"line":22,"column":55},"end":{"line":24,"column":null}},"line":22},"2":{"name":"(anonymous_2)","decl":{"start":{"line":26,"column":2},"end":{"line":26,"column":20}},"loc":{"start":{"line":26,"column":50},"end":{"line":28,"column":null}},"line":26},"3":{"name":"(anonymous_3)","decl":{"start":{"line":30,"column":2},"end":{"line":30,"column":11}},"loc":{"start":{"line":30,"column":11},"end":{"line":53,"column":null}},"line":30},"4":{"name":"(anonymous_4)","decl":{"start":{"line":42,"column":33},"end":{"line":42,"column":39}},"loc":{"start":{"line":42,"column":39},"end":{"line":42,"column":65}},"line":42}},"branchMap":{"0":{"loc":{"start":{"line":31,"column":4},"end":{"line":50,"column":null}},"type":"if","locations":[{"start":{"line":31,"column":4},"end":{"line":50,"column":null}},{"start":{},"end":{}}],"line":31},"1":{"loc":{"start":{"line":32,"column":13},"end":{"line":48,"column":null}},"type":"binary-expr","locations":[{"start":{"line":32,"column":13},"end":{"line":32,"column":null}},{"start":{"line":33,"column":8},"end":{"line":48,"column":null}}],"line":32},"2":{"loc":{"start":{"line":40,"column":19},"end":{"line":40,"column":null}},"type":"binary-expr","locations":[{"start":{"line":40,"column":19},"end":{"line":40,"column":48}},{"start":{"line":40,"column":48},"end":{"line":40,"column":null}}],"line":40}},"s":{"0":12,"1":12,"2":10,"3":5,"4":21,"5":10,"6":1,"7":11},"f":{"0":12,"1":1,"2":5,"3":21,"4":1},"b":{"0":[10,11],"1":[10,8],"2":[8,2]},"meta":{"lastBranch":3,"lastFunction":5,"lastStatement":8,"seen":{"f:17:2:17:14":0,"s:18:4:18:Infinity":0,"s:19:4:19:Infinity":1,"f:22:9:22:34":1,"s:23:4:23:Infinity":2,"f:26:2:26:20":2,"s:27:4:27:Infinity":3,"f:30:2:30:11":3,"b:31:4:50:Infinity:undefined:undefined:undefined:undefined":0,"s:31:4:50:Infinity":4,"s:32:6:48:Infinity":5,"b:32:13:32:Infinity:33:8:48:Infinity":1,"b:40:19:40:48:40:48:40:Infinity":2,"f:42:33:42:39":4,"s:42:39:42:65":6,"s:52:4:52:Infinity":7}}}
,"/home/kiril/anti-spam/frontend/src/components/auth/AuthGuard.tsx": {"path":"/home/kiril/anti-spam/frontend/src/components/auth/AuthGuard.tsx","statementMap":{"0":{"start":{"line":7,"column":45},"end":{"line":7,"column":null}},"1":{"start":{"line":8,"column":36},"end":{"line":8,"column":null}},"2":{"start":{"line":11,"column":2},"end":{"line":20,"column":null}},"3":{"start":{"line":12,"column":4},"end":{"line":18,"column":null}},"4":{"start":{"line":23,"column":2},"end":{"line":25,"column":null}},"5":{"start":{"line":24,"column":4},"end":{"line":24,"column":null}},"6":{"start":{"line":27,"column":2},"end":{"line":27,"column":null}}},"fnMap":{"0":{"name":"AuthGuard","decl":{"start":{"line":6,"column":16},"end":{"line":6,"column":28}},"loc":{"start":{"line":6,"column":28},"end":{"line":28,"column":null}},"line":6}},"branchMap":{"0":{"loc":{"start":{"line":11,"column":2},"end":{"line":20,"column":null}},"type":"if","locations":[{"start":{"line":11,"column":2},"end":{"line":20,"column":null}},{"start":{},"end":{}}],"line":11},"1":{"loc":{"start":{"line":11,"column":6},"end":{"line":11,"column":35}},"type":"binary-expr","locations":[{"start":{"line":11,"column":6},"end":{"line":11,"column":19}},{"start":{"line":11,"column":19},"end":{"line":11,"column":35}}],"line":11},"2":{"loc":{"start":{"line":23,"column":2},"end":{"line":25,"column":null}},"type":"if","locations":[{"start":{"line":23,"column":2},"end":{"line":25,"column":null}},{"start":{},"end":{}}],"line":23},"3":{"loc":{"start":{"line":23,"column":6},"end":{"line":23,"column":35}},"type":"binary-expr","locations":[{"start":{"line":23,"column":6},"end":{"line":23,"column":17}},{"start":{"line":23,"column":17},"end":{"line":23,"column":35}}],"line":23}},"s":{"0":6,"1":6,"2":6,"3":2,"4":4,"5":3,"6":1},"f":{"0":6},"b":{"0":[2,4],"1":[6,5],"2":[3,1],"3":[4,2]},"meta":{"lastBranch":4,"lastFunction":1,"lastStatement":7,"seen":{"f:6:16:6:28":0,"s:7:45:7:Infinity":0,"s:8:36:8:Infinity":1,"b:11:2:20:Infinity:undefined:undefined:undefined:undefined":0,"s:11:2:20:Infinity":2,"b:11:6:11:19:11:19:11:35":1,"s:12:4:18:Infinity":3,"b:23:2:25:Infinity:undefined:undefined:undefined:undefined":2,"s:23:2:25:Infinity":4,"b:23:6:23:17:23:17:23:35":3,"s:24:4:24:Infinity":5,"s:27:2:27:Infinity":6}}}
,"/home/kiril/anti-spam/frontend/src/components/auth/LoginPage.tsx": {"path":"/home/kiril/anti-spam/frontend/src/components/auth/LoginPage.tsx","statementMap":{"0":{"start":{"line":8,"column":16},"end":{"line":8,"column":null}},"1":{"start":{"line":10,"column":2},"end":{"line":65,"column":null}}},"fnMap":{"0":{"name":"LoginPage","decl":{"start":{"line":7,"column":16},"end":{"line":7,"column":28}},"loc":{"start":{"line":7,"column":28},"end":{"line":67,"column":null}},"line":7}},"branchMap":{},"s":{"0":9,"1":9},"f":{"0":9},"b":{},"meta":{"lastBranch":0,"lastFunction":1,"lastStatement":2,"seen":{"f:7:16:7:28":0,"s:8:16:8:Infinity":0,"s:10:2:65:Infinity":1}}}
,"/home/kiril/anti-spam/frontend/src/components/layout/RateLimitNotice.tsx": {"path":"/home/kiril/anti-spam/frontend/src/components/layout/RateLimitNotice.tsx","statementMap":{"0":{"start":{"line":6,"column":2},"end":{"line":6,"column":null}},"1":{"start":{"line":6,"column":20},"end":{"line":6,"column":null}},"2":{"start":{"line":7,"column":2},"end":{"line":7,"column":null}},"3":{"start":{"line":7,"column":20},"end":{"line":7,"column":null}},"4":{"start":{"line":8,"column":18},"end":{"line":8,"column":null}},"5":{"start":{"line":9,"column":15},"end":{"line":9,"column":null}},"6":{"start":{"line":10,"column":2},"end":{"line":10,"column":null}},"7":{"start":{"line":14,"column":30},"end":{"line":14,"column":null}},"8":{"start":{"line":15,"column":32},"end":{"line":15,"column":null}},"9":{"start":{"line":17,"column":2},"end":{"line":32,"column":null}},"10":{"start":{"line":18,"column":23},"end":{"line":18,"column":null}},"11":{"start":{"line":19,"column":4},"end":{"line":22,"column":null}},"12":{"start":{"line":20,"column":6},"end":{"line":20,"column":null}},"13":{"start":{"line":21,"column":6},"end":{"line":21,"column":null}},"14":{"start":{"line":24,"column":28},"end":{"line":27,"column":null}},"15":{"start":{"line":25,"column":12},"end":{"line":25,"column":null}},"16":{"start":{"line":26,"column":6},"end":{"line":26,"column":null}},"17":{"start":{"line":29,"column":4},"end":{"line":29,"column":null}},"18":{"start":{"line":30,"column":21},"end":{"line":30,"column":null}},"19":{"start":{"line":31,"column":4},"end":{"line":31,"column":null}},"20":{"start":{"line":31,"column":17},"end":{"line":31,"column":null}},"21":{"start":{"line":34,"column":2},"end":{"line":36,"column":null}},"22":{"start":{"line":35,"column":4},"end":{"line":35,"column":null}},"23":{"start":{"line":38,"column":2},"end":{"line":60,"column":null}}},"fnMap":{"0":{"name":"formatRemaining","decl":{"start":{"line":5,"column":9},"end":{"line":5,"column":25}},"loc":{"start":{"line":5,"column":50},"end":{"line":11,"column":null}},"line":5},"1":{"name":"RateLimitNotice","decl":{"start":{"line":13,"column":16},"end":{"line":13,"column":34}},"loc":{"start":{"line":13,"column":34},"end":{"line":62,"column":null}},"line":13},"2":{"name":"(anonymous_2)","decl":{"start":{"line":17,"column":12},"end":{"line":17,"column":18}},"loc":{"start":{"line":17,"column":18},"end":{"line":32,"column":5}},"line":17},"3":{"name":"(anonymous_3)","decl":{"start":{"line":24,"column":28},"end":{"line":24,"column":34}},"loc":{"start":{"line":24,"column":34},"end":{"line":27,"column":null}},"line":24},"4":{"name":"(anonymous_4)","decl":{"start":{"line":31,"column":11},"end":{"line":31,"column":17}},"loc":{"start":{"line":31,"column":17},"end":{"line":31,"column":null}},"line":31}},"branchMap":{"0":{"loc":{"start":{"line":6,"column":2},"end":{"line":6,"column":null}},"type":"if","locations":[{"start":{"line":6,"column":2},"end":{"line":6,"column":null}},{"start":{},"end":{}}],"line":6},"1":{"loc":{"start":{"line":7,"column":2},"end":{"line":7,"column":null}},"type":"if","locations":[{"start":{"line":7,"column":2},"end":{"line":7,"column":null}},{"start":{},"end":{}}],"line":7},"2":{"loc":{"start":{"line":10,"column":9},"end":{"line":10,"column":null}},"type":"cond-expr","locations":[{"start":{"line":10,"column":20},"end":{"line":10,"column":45}},{"start":{"line":10,"column":45},"end":{"line":10,"column":null}}],"line":10},"3":{"loc":{"start":{"line":19,"column":4},"end":{"line":22,"column":null}},"type":"if","locations":[{"start":{"line":19,"column":4},"end":{"line":22,"column":null}},{"start":{},"end":{}}],"line":19},"4":{"loc":{"start":{"line":19,"column":8},"end":{"line":19,"column":40}},"type":"binary-expr","locations":[{"start":{"line":19,"column":8},"end":{"line":19,"column":23}},{"start":{"line":19,"column":23},"end":{"line":19,"column":40}}],"line":19},"5":{"loc":{"start":{"line":25,"column":37},"end":{"line":25,"column":75}},"type":"binary-expr","locations":[{"start":{"line":25,"column":37},"end":{"line":25,"column":60}},{"start":{"line":25,"column":60},"end":{"line":25,"column":75}}],"line":25},"6":{"loc":{"start":{"line":34,"column":2},"end":{"line":36,"column":null}},"type":"if","locations":[{"start":{"line":34,"column":2},"end":{"line":36,"column":null}},{"start":{},"end":{}}],"line":34},"7":{"loc":{"start":{"line":45,"column":11},"end":{"line":48,"column":null}},"type":"binary-expr","locations":[{"start":{"line":45,"column":11},"end":{"line":45,"column":null}},{"start":{"line":46,"column":12},"end":{"line":48,"column":null}}],"line":45}},"s":{"0":14,"1":7,"2":7,"3":3,"4":4,"5":4,"6":4,"7":19,"8":19,"9":19,"10":9,"11":9,"12":3,"13":3,"14":6,"15":13,"16":13,"17":6,"18":6,"19":6,"20":6,"21":19,"22":4,"23":15},"f":{"0":14,"1":19,"2":9,"3":13,"4":6},"b":{"0":[7,7],"1":[3,4],"2":[2,2],"3":[3,6],"4":[9,6],"5":[13,0],"6":[4,15],"7":[15,14]},"meta":{"lastBranch":8,"lastFunction":5,"lastStatement":24,"seen":{"f:5:9:5:25":0,"b:6:2:6:Infinity:undefined:undefined:undefined:undefined":0,"s:6:2:6:Infinity":0,"s:6:20:6:Infinity":1,"b:7:2:7:Infinity:undefined:undefined:undefined:undefined":1,"s:7:2:7:Infinity":2,"s:7:20:7:Infinity":3,"s:8:18:8:Infinity":4,"s:9:15:9:Infinity":5,"s:10:2:10:Infinity":6,"b:10:20:10:45:10:45:10:Infinity":2,"f:13:16:13:34":1,"s:14:30:14:Infinity":7,"s:15:32:15:Infinity":8,"s:17:2:32:Infinity":9,"f:17:12:17:18":2,"s:18:23:18:Infinity":10,"b:19:4:22:Infinity:undefined:undefined:undefined:undefined":3,"s:19:4:22:Infinity":11,"b:19:8:19:23:19:23:19:40":4,"s:20:6:20:Infinity":12,"s:21:6:21:Infinity":13,"s:24:28:27:Infinity":14,"f:24:28:24:34":3,"s:25:12:25:Infinity":15,"b:25:37:25:60:25:60:25:75":5,"s:26:6:26:Infinity":16,"s:29:4:29:Infinity":17,"s:30:21:30:Infinity":18,"s:31:4:31:Infinity":19,"f:31:11:31:17":4,"s:31:17:31:Infinity":20,"b:34:2:36:Infinity:undefined:undefined:undefined:undefined":6,"s:34:2:36:Infinity":21,"s:35:4:35:Infinity":22,"s:38:2:60:Infinity":23,"b:45:11:45:Infinity:46:12:48:Infinity":7}}}
,"/home/kiril/anti-spam/frontend/src/components/seo/Seo.tsx": {"path":"/home/kiril/anti-spam/frontend/src/components/seo/Seo.tsx","statementMap":{"0":{"start":{"line":10,"column":25},"end":{"line":10,"column":null}},"1":{"start":{"line":11,"column":27},"end":{"line":11,"column":null}},"2":{"start":{"line":14,"column":16},"end":{"line":14,"column":null}},"3":{"start":{"line":15,"column":2},"end":{"line":19,"column":null}},"4":{"start":{"line":16,"column":4},"end":{"line":16,"column":null}},"5":{"start":{"line":17,"column":4},"end":{"line":17,"column":null}},"6":{"start":{"line":18,"column":4},"end":{"line":18,"column":null}},"7":{"start":{"line":20,"column":2},"end":{"line":20,"column":null}},"8":{"start":{"line":24,"column":16},"end":{"line":24,"column":null}},"9":{"start":{"line":25,"column":2},"end":{"line":29,"column":null}},"10":{"start":{"line":26,"column":4},"end":{"line":26,"column":null}},"11":{"start":{"line":27,"column":4},"end":{"line":27,"column":null}},"12":{"start":{"line":28,"column":4},"end":{"line":28,"column":null}},"13":{"start":{"line":30,"column":2},"end":{"line":30,"column":null}},"14":{"start":{"line":34,"column":13},"end":{"line":34,"column":null}},"15":{"start":{"line":35,"column":2},"end":{"line":39,"column":null}},"16":{"start":{"line":36,"column":4},"end":{"line":36,"column":null}},"17":{"start":{"line":37,"column":4},"end":{"line":37,"column":null}},"18":{"start":{"line":38,"column":4},"end":{"line":38,"column":null}},"19":{"start":{"line":40,"column":2},"end":{"line":40,"column":null}},"20":{"start":{"line":44,"column":2},"end":{"line":63,"column":null}},"21":{"start":{"line":45,"column":20},"end":{"line":45,"column":null}},"22":{"start":{"line":46,"column":24},"end":{"line":46,"column":null}},"23":{"start":{"line":47,"column":26},"end":{"line":49,"column":null}},"24":{"start":{"line":51,"column":4},"end":{"line":51,"column":null}},"25":{"start":{"line":52,"column":4},"end":{"line":52,"column":null}},"26":{"start":{"line":53,"column":4},"end":{"line":53,"column":null}},"27":{"start":{"line":54,"column":4},"end":{"line":54,"column":null}},"28":{"start":{"line":55,"column":4},"end":{"line":55,"column":null}},"29":{"start":{"line":56,"column":4},"end":{"line":56,"column":null}},"30":{"start":{"line":57,"column":4},"end":{"line":57,"column":null}},"31":{"start":{"line":58,"column":4},"end":{"line":58,"column":null}},"32":{"start":{"line":59,"column":4},"end":{"line":59,"column":null}},"33":{"start":{"line":60,"column":4},"end":{"line":60,"column":null}},"34":{"start":{"line":61,"column":4},"end":{"line":61,"column":null}},"35":{"start":{"line":62,"column":4},"end":{"line":62,"column":null}},"36":{"start":{"line":65,"column":2},"end":{"line":65,"column":null}}},"fnMap":{"0":{"name":"setMetaName","decl":{"start":{"line":13,"column":9},"end":{"line":13,"column":21}},"loc":{"start":{"line":13,"column":52},"end":{"line":21,"column":null}},"line":13},"1":{"name":"setMetaProperty","decl":{"start":{"line":23,"column":9},"end":{"line":23,"column":25}},"loc":{"start":{"line":23,"column":60},"end":{"line":31,"column":null}},"line":23},"2":{"name":"setCanonical","decl":{"start":{"line":33,"column":9},"end":{"line":33,"column":22}},"loc":{"start":{"line":33,"column":36},"end":{"line":41,"column":null}},"line":33},"3":{"name":"Seo","decl":{"start":{"line":43,"column":16},"end":{"line":43,"column":20}},"loc":{"start":{"line":43,"column":67},"end":{"line":66,"column":null}},"line":43},"4":{"name":"(anonymous_4)","decl":{"start":{"line":44,"column":12},"end":{"line":44,"column":18}},"loc":{"start":{"line":44,"column":18},"end":{"line":63,"column":5}},"line":44}},"branchMap":{"0":{"loc":{"start":{"line":15,"column":2},"end":{"line":19,"column":null}},"type":"if","locations":[{"start":{"line":15,"column":2},"end":{"line":19,"column":null}},{"start":{},"end":{}}],"line":15},"1":{"loc":{"start":{"line":25,"column":2},"end":{"line":29,"column":null}},"type":"if","locations":[{"start":{"line":25,"column":2},"end":{"line":29,"column":null}},{"start":{},"end":{}}],"line":25},"2":{"loc":{"start":{"line":35,"column":2},"end":{"line":39,"column":null}},"type":"if","locations":[{"start":{"line":35,"column":2},"end":{"line":39,"column":null}},{"start":{},"end":{}}],"line":35},"3":{"loc":{"start":{"line":45,"column":20},"end":{"line":45,"column":null}},"type":"cond-expr","locations":[{"start":{"line":45,"column":52},"end":{"line":45,"column":71}},{"start":{"line":45,"column":71},"end":{"line":45,"column":null}}],"line":45},"4":{"loc":{"start":{"line":46,"column":24},"end":{"line":46,"column":null}},"type":"cond-expr","locations":[{"start":{"line":46,"column":31},"end":{"line":46,"column":67}},{"start":{"line":46,"column":67},"end":{"line":46,"column":null}}],"line":46},"5":{"loc":{"start":{"line":47,"column":26},"end":{"line":49,"column":null}},"type":"cond-expr","locations":[{"start":{"line":48,"column":8},"end":{"line":48,"column":null}},{"start":{"line":49,"column":8},"end":{"line":49,"column":null}}],"line":47}},"s":{"0":2,"1":2,"2":45,"3":45,"4":10,"5":10,"6":10,"7":45,"8":45,"9":45,"10":10,"11":10,"12":10,"13":45,"14":9,"15":9,"16":2,"17":2,"18":2,"19":9,"20":9,"21":9,"22":9,"23":9,"24":9,"25":9,"26":9,"27":9,"28":9,"29":9,"30":9,"31":9,"32":9,"33":9,"34":9,"35":9,"36":9},"f":{"0":45,"1":45,"2":9,"3":9,"4":9},"b":{"0":[10,35],"1":[10,35],"2":[2,7],"3":[0,9],"4":[9,0],"5":[0,9]},"meta":{"lastBranch":6,"lastFunction":5,"lastStatement":37,"seen":{"s:10:25:10:Infinity":0,"s:11:27:11:Infinity":1,"f:13:9:13:21":0,"s:14:16:14:Infinity":2,"b:15:2:19:Infinity:undefined:undefined:undefined:undefined":0,"s:15:2:19:Infinity":3,"s:16:4:16:Infinity":4,"s:17:4:17:Infinity":5,"s:18:4:18:Infinity":6,"s:20:2:20:Infinity":7,"f:23:9:23:25":1,"s:24:16:24:Infinity":8,"b:25:2:29:Infinity:undefined:undefined:undefined:undefined":1,"s:25:2:29:Infinity":9,"s:26:4:26:Infinity":10,"s:27:4:27:Infinity":11,"s:28:4:28:Infinity":12,"s:30:2:30:Infinity":13,"f:33:9:33:22":2,"s:34:13:34:Infinity":14,"b:35:2:39:Infinity:undefined:undefined:undefined:undefined":2,"s:35:2:39:Infinity":15,"s:36:4:36:Infinity":16,"s:37:4:37:Infinity":17,"s:38:4:38:Infinity":18,"s:40:2:40:Infinity":19,"f:43:16:43:20":3,"s:44:2:63:Infinity":20,"f:44:12:44:18":4,"s:45:20:45:Infinity":21,"b:45:52:45:71:45:71:45:Infinity":3,"s:46:24:46:Infinity":22,"b:46:31:46:67:46:67:46:Infinity":4,"s:47:26:49:Infinity":23,"b:48:8:48:Infinity:49:8:49:Infinity":5,"s:51:4:51:Infinity":24,"s:52:4:52:Infinity":25,"s:53:4:53:Infinity":26,"s:54:4:54:Infinity":27,"s:55:4:55:Infinity":28,"s:56:4:56:Infinity":29,"s:57:4:57:Infinity":30,"s:58:4:58:Infinity":31,"s:59:4:59:Infinity":32,"s:60:4:60:Infinity":33,"s:61:4:61:Infinity":34,"s:62:4:62:Infinity":35,"s:65:2:65:Infinity":36}}}
,"/home/kiril/anti-spam/frontend/src/components/ui/button.tsx": {"path":"/home/kiril/anti-spam/frontend/src/components/ui/button.tsx","statementMap":{"0":{"start":{"line":5,"column":6},"end":{"line":29,"column":null}},"1":{"start":{"line":35,"column":15},"end":{"line":45,"column":null}},"2":{"start":{"line":37,"column":4},"end":{"line":42,"column":null}},"3":{"start":{"line":46,"column":0},"end":{"line":46,"column":null}}},"fnMap":{"0":{"name":"(anonymous_0)","decl":{"start":{"line":36,"column":2},"end":{"line":36,"column":3}},"loc":{"start":{"line":36,"column":51},"end":{"line":44,"column":null}},"line":36}},"branchMap":{},"s":{"0":3,"1":3,"2":17,"3":3},"f":{"0":17},"b":{},"meta":{"lastBranch":0,"lastFunction":1,"lastStatement":4,"seen":{"s:5:6:29:Infinity":0,"s:35:15:45:Infinity":1,"f:36:2:36:3":0,"s:37:4:42:Infinity":2,"s:46:0:46:Infinity":3}}}
,"/home/kiril/anti-spam/frontend/src/components/ui/card.tsx": {"path":"/home/kiril/anti-spam/frontend/src/components/ui/card.tsx","statementMap":{"0":{"start":{"line":4,"column":13},"end":{"line":12,"column":null}},"1":{"start":{"line":6,"column":4},"end":{"line":10,"column":null}},"2":{"start":{"line":13,"column":0},"end":{"line":13,"column":null}},"3":{"start":{"line":15,"column":19},"end":{"line":19,"column":null}},"4":{"start":{"line":17,"column":4},"end":{"line":17,"column":null}},"5":{"start":{"line":20,"column":0},"end":{"line":20,"column":null}},"6":{"start":{"line":22,"column":18},"end":{"line":30,"column":null}},"7":{"start":{"line":24,"column":4},"end":{"line":28,"column":null}},"8":{"start":{"line":31,"column":0},"end":{"line":31,"column":null}},"9":{"start":{"line":33,"column":24},"end":{"line":38,"column":null}},"10":{"start":{"line":37,"column":2},"end":{"line":37,"column":null}},"11":{"start":{"line":39,"column":0},"end":{"line":39,"column":null}},"12":{"start":{"line":41,"column":20},"end":{"line":45,"column":null}},"13":{"start":{"line":43,"column":4},"end":{"line":43,"column":null}},"14":{"start":{"line":46,"column":0},"end":{"line":46,"column":null}},"15":{"start":{"line":48,"column":19},"end":{"line":52,"column":null}},"16":{"start":{"line":50,"column":4},"end":{"line":50,"column":null}},"17":{"start":{"line":53,"column":0},"end":{"line":53,"column":null}}},"fnMap":{"0":{"name":"(anonymous_0)","decl":{"start":{"line":5,"column":2},"end":{"line":5,"column":3}},"loc":{"start":{"line":6,"column":4},"end":{"line":10,"column":null}},"line":6},"1":{"name":"(anonymous_1)","decl":{"start":{"line":16,"column":2},"end":{"line":16,"column":3}},"loc":{"start":{"line":17,"column":4},"end":{"line":17,"column":null}},"line":17},"2":{"name":"(anonymous_2)","decl":{"start":{"line":23,"column":2},"end":{"line":23,"column":3}},"loc":{"start":{"line":24,"column":4},"end":{"line":28,"column":null}},"line":24},"3":{"name":"(anonymous_3)","decl":{"start":{"line":36,"column":2},"end":{"line":36,"column":3}},"loc":{"start":{"line":37,"column":2},"end":{"line":37,"column":null}},"line":37},"4":{"name":"(anonymous_4)","decl":{"start":{"line":42,"column":2},"end":{"line":42,"column":3}},"loc":{"start":{"line":43,"column":4},"end":{"line":43,"column":null}},"line":43},"5":{"name":"(anonymous_5)","decl":{"start":{"line":49,"column":2},"end":{"line":49,"column":3}},"loc":{"start":{"line":50,"column":4},"end":{"line":50,"column":null}},"line":50}},"branchMap":{},"s":{"0":3,"1":17,"2":3,"3":3,"4":9,"5":3,"6":3,"7":9,"8":3,"9":3,"10":9,"11":3,"12":3,"13":17,"14":3,"15":3,"16":0,"17":3},"f":{"0":17,"1":9,"2":9,"3":9,"4":17,"5":0},"b":{},"meta":{"lastBranch":0,"lastFunction":6,"lastStatement":18,"seen":{"s:4:13:12:Infinity":0,"f:5:2:5:3":0,"s:6:4:10:Infinity":1,"s:13:0:13:Infinity":2,"s:15:19:19:Infinity":3,"f:16:2:16:3":1,"s:17:4:17:Infinity":4,"s:20:0:20:Infinity":5,"s:22:18:30:Infinity":6,"f:23:2:23:3":2,"s:24:4:28:Infinity":7,"s:31:0:31:Infinity":8,"s:33:24:38:Infinity":9,"f:36:2:36:3":3,"s:37:2:37:Infinity":10,"s:39:0:39:Infinity":11,"s:41:20:45:Infinity":12,"f:42:2:42:3":4,"s:43:4:43:Infinity":13,"s:46:0:46:Infinity":14,"s:48:19:52:Infinity":15,"f:49:2:49:3":5,"s:50:4:50:Infinity":16,"s:53:0:53:Infinity":17}}}
,"/home/kiril/anti-spam/frontend/src/hooks/useAnalytics.ts": {"path":"/home/kiril/anti-spam/frontend/src/hooks/useAnalytics.ts","statementMap":{"0":{"start":{"line":36,"column":17},"end":{"line":36,"column":null}},"1":{"start":{"line":38,"column":2},"end":{"line":42,"column":null}},"2":{"start":{"line":40,"column":19},"end":{"line":40,"column":null}},"3":{"start":{"line":46,"column":29},"end":{"line":46,"column":null}},"4":{"start":{"line":47,"column":17},"end":{"line":47,"column":null}},"5":{"start":{"line":49,"column":2},"end":{"line":53,"column":null}},"6":{"start":{"line":51,"column":19},"end":{"line":51,"column":null}},"7":{"start":{"line":57,"column":17},"end":{"line":57,"column":null}},"8":{"start":{"line":59,"column":2},"end":{"line":63,"column":null}},"9":{"start":{"line":61,"column":19},"end":{"line":61,"column":null}},"10":{"start":{"line":67,"column":17},"end":{"line":67,"column":null}},"11":{"start":{"line":69,"column":2},"end":{"line":73,"column":null}},"12":{"start":{"line":71,"column":19},"end":{"line":71,"column":null}}},"fnMap":{"0":{"name":"useAnalytics","decl":{"start":{"line":35,"column":16},"end":{"line":35,"column":31}},"loc":{"start":{"line":35,"column":31},"end":{"line":43,"column":null}},"line":35},"1":{"name":"(anonymous_1)","decl":{"start":{"line":40,"column":13},"end":{"line":40,"column":19}},"loc":{"start":{"line":40,"column":19},"end":{"line":40,"column":null}},"line":40},"2":{"name":"useBrokerRanking","decl":{"start":{"line":45,"column":16},"end":{"line":45,"column":33}},"loc":{"start":{"line":45,"column":55},"end":{"line":54,"column":null}},"line":45},"3":{"name":"(anonymous_3)","decl":{"start":{"line":51,"column":13},"end":{"line":51,"column":19}},"loc":{"start":{"line":51,"column":19},"end":{"line":51,"column":null}},"line":51},"4":{"name":"useTimeline","decl":{"start":{"line":56,"column":16},"end":{"line":56,"column":28}},"loc":{"start":{"line":56,"column":47},"end":{"line":64,"column":null}},"line":56},"5":{"name":"(anonymous_5)","decl":{"start":{"line":61,"column":13},"end":{"line":61,"column":19}},"loc":{"start":{"line":61,"column":19},"end":{"line":61,"column":null}},"line":61},"6":{"name":"useResponseDistribution","decl":{"start":{"line":66,"column":16},"end":{"line":66,"column":42}},"loc":{"start":{"line":66,"column":42},"end":{"line":74,"column":null}},"line":66},"7":{"name":"(anonymous_7)","decl":{"start":{"line":71,"column":13},"end":{"line":71,"column":19}},"loc":{"start":{"line":71,"column":19},"end":{"line":71,"column":null}},"line":71}},"branchMap":{"0":{"loc":{"start":{"line":47,"column":17},"end":{"line":47,"column":null}},"type":"binary-expr","locations":[{"start":{"line":47,"column":17},"end":{"line":47,"column":32}},{"start":{"line":47,"column":32},"end":{"line":47,"column":null}}],"line":47},"1":{"loc":{"start":{"line":51,"column":49},"end":{"line":51,"column":68}},"type":"binary-expr","locations":[{"start":{"line":51,"column":49},"end":{"line":51,"column":59}},{"start":{"line":51,"column":59},"end":{"line":51,"column":68}}],"line":51},"2":{"loc":{"start":{"line":56,"column":28},"end":{"line":56,"column":47}},"type":"default-arg","locations":[{"start":{"line":56,"column":43},"end":{"line":56,"column":47}}],"line":56}},"s":{"0":4,"1":4,"2":2,"3":2,"4":2,"5":2,"6":1,"7":2,"8":2,"9":1,"10":0,"11":0,"12":0},"f":{"0":4,"1":2,"2":2,"3":1,"4":2,"5":1,"6":0,"7":0},"b":{"0":[2,2],"1":[1,0],"2":[2]},"meta":{"lastBranch":3,"lastFunction":8,"lastStatement":13,"seen":{"f:35:16:35:31":0,"s:36:17:36:Infinity":0,"s:38:2:42:Infinity":1,"f:40:13:40:19":1,"s:40:19:40:Infinity":2,"f:45:16:45:33":2,"s:46:29:46:Infinity":3,"s:47:17:47:Infinity":4,"b:47:17:47:32:47:32:47:Infinity":0,"s:49:2:53:Infinity":5,"f:51:13:51:19":3,"s:51:19:51:Infinity":6,"b:51:49:51:59:51:59:51:68":1,"f:56:16:56:28":4,"b:56:43:56:47":2,"s:57:17:57:Infinity":7,"s:59:2:63:Infinity":8,"f:61:13:61:19":5,"s:61:19:61:Infinity":9,"f:66:16:66:42":6,"s:67:17:67:Infinity":10,"s:69:2:73:Infinity":11,"f:71:13:71:19":7,"s:71:19:71:Infinity":12}}}
,"/home/kiril/anti-spam/frontend/src/hooks/useAuth.ts": {"path":"/home/kiril/anti-spam/frontend/src/hooks/useAuth.ts","statementMap":{"0":{"start":{"line":7,"column":58},"end":{"line":7,"column":null}},"1":{"start":{"line":9,"column":8},"end":{"line":14,"column":null}},"2":{"start":{"line":11,"column":19},"end":{"line":11,"column":null}},"3":{"start":{"line":16,"column":2},"end":{"line":33,"column":null}},"4":{"start":{"line":17,"column":4},"end":{"line":26,"column":null}},"5":{"start":{"line":18,"column":6},"end":{"line":25,"column":null}},"6":{"start":{"line":19,"column":8},"end":{"line":19,"column":null}},"7":{"start":{"line":20,"column":8},"end":{"line":22,"column":null}},"8":{"start":{"line":21,"column":10},"end":{"line":21,"column":null}},"9":{"start":{"line":24,"column":8},"end":{"line":24,"column":null}},"10":{"start":{"line":27,"column":4},"end":{"line":29,"column":null}},"11":{"start":{"line":28,"column":6},"end":{"line":28,"column":null}},"12":{"start":{"line":30,"column":4},"end":{"line":32,"column":null}},"13":{"start":{"line":31,"column":6},"end":{"line":31,"column":null}},"14":{"start":{"line":35,"column":2},"end":{"line":35,"column":null}},"15":{"start":{"line":39,"column":16},"end":{"line":45,"column":null}},"16":{"start":{"line":40,"column":17},"end":{"line":40,"column":null}},"17":{"start":{"line":42,"column":4},"end":{"line":42,"column":null}},"18":{"start":{"line":44,"column":4},"end":{"line":44,"column":null}},"19":{"start":{"line":47,"column":2},"end":{"line":47,"column":null}},"20":{"start":{"line":51,"column":20},"end":{"line":51,"column":null}},"21":{"start":{"line":53,"column":17},"end":{"line":56,"column":null}},"22":{"start":{"line":54,"column":4},"end":{"line":54,"column":null}},"23":{"start":{"line":55,"column":4},"end":{"line":55,"column":null}},"24":{"start":{"line":58,"column":2},"end":{"line":58,"column":null}}},"fnMap":{"0":{"name":"useAuthStatus","decl":{"start":{"line":6,"column":16},"end":{"line":6,"column":32}},"loc":{"start":{"line":6,"column":32},"end":{"line":36,"column":null}},"line":6},"1":{"name":"(anonymous_1)","decl":{"start":{"line":11,"column":13},"end":{"line":11,"column":19}},"loc":{"start":{"line":11,"column":19},"end":{"line":11,"column":null}},"line":11},"2":{"name":"(anonymous_2)","decl":{"start":{"line":16,"column":12},"end":{"line":16,"column":18}},"loc":{"start":{"line":16,"column":18},"end":{"line":33,"column":5}},"line":16},"3":{"name":"useLogin","decl":{"start":{"line":38,"column":16},"end":{"line":38,"column":27}},"loc":{"start":{"line":38,"column":27},"end":{"line":48,"column":null}},"line":38},"4":{"name":"(anonymous_4)","decl":{"start":{"line":39,"column":16},"end":{"line":39,"column":28}},"loc":{"start":{"line":39,"column":28},"end":{"line":45,"column":null}},"line":39},"5":{"name":"useLogout","decl":{"start":{"line":50,"column":16},"end":{"line":50,"column":28}},"loc":{"start":{"line":50,"column":28},"end":{"line":59,"column":null}},"line":50},"6":{"name":"(anonymous_6)","decl":{"start":{"line":53,"column":17},"end":{"line":53,"column":23}},"loc":{"start":{"line":53,"column":23},"end":{"line":56,"column":null}},"line":53}},"branchMap":{"0":{"loc":{"start":{"line":17,"column":4},"end":{"line":26,"column":null}},"type":"if","locations":[{"start":{"line":17,"column":4},"end":{"line":26,"column":null}},{"start":{},"end":{}}],"line":17},"1":{"loc":{"start":{"line":18,"column":6},"end":{"line":25,"column":null}},"type":"if","locations":[{"start":{"line":18,"column":6},"end":{"line":25,"column":null}},{"start":{"line":23,"column":13},"end":{"line":25,"column":null}}],"line":18},"2":{"loc":{"start":{"line":18,"column":10},"end":{"line":18,"column":58}},"type":"binary-expr","locations":[{"start":{"line":18,"column":10},"end":{"line":18,"column":41}},{"start":{"line":18,"column":41},"end":{"line":18,"column":58}}],"line":18},"3":{"loc":{"start":{"line":20,"column":8},"end":{"line":22,"column":null}},"type":"if","locations":[{"start":{"line":20,"column":8},"end":{"line":22,"column":null}},{"start":{},"end":{}}],"line":20},"4":{"loc":{"start":{"line":27,"column":4},"end":{"line":29,"column":null}},"type":"if","locations":[{"start":{"line":27,"column":4},"end":{"line":29,"column":null}},{"start":{},"end":{}}],"line":27},"5":{"loc":{"start":{"line":30,"column":4},"end":{"line":32,"column":null}},"type":"if","locations":[{"start":{"line":30,"column":4},"end":{"line":32,"column":null}},{"start":{},"end":{}}],"line":30}},"s":{"0":3,"1":3,"2":1,"3":3,"4":3,"5":0,"6":0,"7":0,"8":0,"9":0,"10":3,"11":1,"12":3,"13":1,"14":3,"15":1,"16":1,"17":1,"18":1,"19":1,"20":1,"21":1,"22":1,"23":1,"24":1},"f":{"0":3,"1":1,"2":3,"3":1,"4":1,"5":1,"6":1},"b":{"0":[0,3],"1":[0,0],"2":[0,0],"3":[0,0],"4":[1,2],"5":[1,2]},"meta":{"lastBranch":6,"lastFunction":7,"lastStatement":25,"seen":{"f:6:16:6:32":0,"s:7:58:7:Infinity":0,"s:9:8:14:Infinity":1,"f:11:13:11:19":1,"s:11:19:11:Infinity":2,"s:16:2:33:Infinity":3,"f:16:12:16:18":2,"b:17:4:26:Infinity:undefined:undefined:undefined:undefined":0,"s:17:4:26:Infinity":4,"b:18:6:25:Infinity:23:13:25:Infinity":1,"s:18:6:25:Infinity":5,"b:18:10:18:41:18:41:18:58":2,"s:19:8:19:Infinity":6,"b:20:8:22:Infinity:undefined:undefined:undefined:undefined":3,"s:20:8:22:Infinity":7,"s:21:10:21:Infinity":8,"s:24:8:24:Infinity":9,"b:27:4:29:Infinity:undefined:undefined:undefined:undefined":4,"s:27:4:29:Infinity":10,"s:28:6:28:Infinity":11,"b:30:4:32:Infinity:undefined:undefined:undefined:undefined":5,"s:30:4:32:Infinity":12,"s:31:6:31:Infinity":13,"s:35:2:35:Infinity":14,"f:38:16:38:27":3,"s:39:16:45:Infinity":15,"f:39:16:39:28":4,"s:40:17:40:Infinity":16,"s:42:4:42:Infinity":17,"s:44:4:44:Infinity":18,"s:47:2:47:Infinity":19,"f:50:16:50:28":5,"s:51:20:51:Infinity":20,"s:53:17:56:Infinity":21,"f:53:17:53:23":6,"s:54:4:54:Infinity":22,"s:55:4:55:Infinity":23,"s:58:2:58:Infinity":24}}}
,"/home/kiril/anti-spam/frontend/src/hooks/useBrokers.ts": {"path":"/home/kiril/anti-spam/frontend/src/hooks/useBrokers.ts","statementMap":{"0":{"start":{"line":5,"column":2},"end":{"line":8,"column":null}},"1":{"start":{"line":12,"column":2},"end":{"line":16,"column":null}},"2":{"start":{"line":14,"column":19},"end":{"line":14,"column":null}},"3":{"start":{"line":20,"column":8},"end":{"line":20,"column":null}},"4":{"start":{"line":22,"column":2},"end":{"line":27,"column":null}},"5":{"start":{"line":25,"column":6},"end":{"line":25,"column":null}},"6":{"start":{"line":31,"column":8},"end":{"line":31,"column":null}},"7":{"start":{"line":33,"column":2},"end":{"line":38,"column":null}},"8":{"start":{"line":36,"column":6},"end":{"line":36,"column":null}}},"fnMap":{"0":{"name":"useBrokers","decl":{"start":{"line":4,"column":16},"end":{"line":4,"column":29}},"loc":{"start":{"line":4,"column":29},"end":{"line":9,"column":null}},"line":4},"1":{"name":"useBroker","decl":{"start":{"line":11,"column":16},"end":{"line":11,"column":26}},"loc":{"start":{"line":11,"column":44},"end":{"line":17,"column":null}},"line":11},"2":{"name":"(anonymous_2)","decl":{"start":{"line":14,"column":13},"end":{"line":14,"column":19}},"loc":{"start":{"line":14,"column":19},"end":{"line":14,"column":null}},"line":14},"3":{"name":"useSyncBrokers","decl":{"start":{"line":19,"column":16},"end":{"line":19,"column":33}},"loc":{"start":{"line":19,"column":33},"end":{"line":28,"column":null}},"line":19},"4":{"name":"(anonymous_4)","decl":{"start":{"line":24,"column":15},"end":{"line":24,"column":21}},"loc":{"start":{"line":24,"column":21},"end":{"line":26,"column":null}},"line":24},"5":{"name":"useCreateBroker","decl":{"start":{"line":30,"column":16},"end":{"line":30,"column":34}},"loc":{"start":{"line":30,"column":34},"end":{"line":39,"column":null}},"line":30},"6":{"name":"(anonymous_6)","decl":{"start":{"line":35,"column":15},"end":{"line":35,"column":21}},"loc":{"start":{"line":35,"column":21},"end":{"line":37,"column":null}},"line":35}},"branchMap":{},"s":{"0":3,"1":3,"2":1,"3":2,"4":2,"5":1,"6":2,"7":2,"8":1},"f":{"0":3,"1":3,"2":1,"3":2,"4":1,"5":2,"6":1},"b":{},"meta":{"lastBranch":0,"lastFunction":7,"lastStatement":9,"seen":{"f:4:16:4:29":0,"s:5:2:8:Infinity":0,"f:11:16:11:26":1,"s:12:2:16:Infinity":1,"f:14:13:14:19":2,"s:14:19:14:Infinity":2,"f:19:16:19:33":3,"s:20:8:20:Infinity":3,"s:22:2:27:Infinity":4,"f:24:15:24:21":4,"s:25:6:25:Infinity":5,"f:30:16:30:34":5,"s:31:8:31:Infinity":6,"s:33:2:38:Infinity":7,"f:35:15:35:21":6,"s:36:6:36:Infinity":8}}}
,"/home/kiril/anti-spam/frontend/src/hooks/useRequests.ts": {"path":"/home/kiril/anti-spam/frontend/src/hooks/useRequests.ts","statementMap":{"0":{"start":{"line":6,"column":17},"end":{"line":6,"column":null}},"1":{"start":{"line":8,"column":2},"end":{"line":12,"column":null}},"2":{"start":{"line":10,"column":19},"end":{"line":10,"column":null}},"3":{"start":{"line":16,"column":2},"end":{"line":20,"column":null}},"4":{"start":{"line":18,"column":19},"end":{"line":18,"column":null}},"5":{"start":{"line":24,"column":8},"end":{"line":24,"column":null}},"6":{"start":{"line":26,"column":2},"end":{"line":35,"column":null}},"7":{"start":{"line":27,"column":38},"end":{"line":27,"column":null}},"8":{"start":{"line":29,"column":6},"end":{"line":29,"column":null}},"9":{"start":{"line":30,"column":6},"end":{"line":30,"column":null}},"10":{"start":{"line":31,"column":6},"end":{"line":31,"column":null}},"11":{"start":{"line":32,"column":6},"end":{"line":32,"column":null}},"12":{"start":{"line":33,"column":6},"end":{"line":33,"column":null}},"13":{"start":{"line":39,"column":8},"end":{"line":39,"column":null}},"14":{"start":{"line":41,"column":2},"end":{"line":58,"column":null}},"15":{"start":{"line":50,"column":10},"end":{"line":50,"column":null}},"16":{"start":{"line":52,"column":6},"end":{"line":52,"column":null}},"17":{"start":{"line":53,"column":6},"end":{"line":53,"column":null}},"18":{"start":{"line":54,"column":6},"end":{"line":54,"column":null}},"19":{"start":{"line":55,"column":6},"end":{"line":55,"column":null}},"20":{"start":{"line":56,"column":6},"end":{"line":56,"column":null}},"21":{"start":{"line":62,"column":2},"end":{"line":66,"column":null}},"22":{"start":{"line":64,"column":19},"end":{"line":64,"column":null}},"23":{"start":{"line":70,"column":2},"end":{"line":75,"column":null}},"24":{"start":{"line":72,"column":19},"end":{"line":72,"column":null}}},"fnMap":{"0":{"name":"useRequests","decl":{"start":{"line":5,"column":16},"end":{"line":5,"column":30}},"loc":{"start":{"line":5,"column":30},"end":{"line":13,"column":null}},"line":5},"1":{"name":"(anonymous_1)","decl":{"start":{"line":10,"column":13},"end":{"line":10,"column":19}},"loc":{"start":{"line":10,"column":19},"end":{"line":10,"column":null}},"line":10},"2":{"name":"useRequest","decl":{"start":{"line":15,"column":16},"end":{"line":15,"column":27}},"loc":{"start":{"line":15,"column":46},"end":{"line":21,"column":null}},"line":15},"3":{"name":"(anonymous_3)","decl":{"start":{"line":18,"column":13},"end":{"line":18,"column":19}},"loc":{"start":{"line":18,"column":19},"end":{"line":18,"column":null}},"line":18},"4":{"name":"useCreateRequest","decl":{"start":{"line":23,"column":16},"end":{"line":23,"column":35}},"loc":{"start":{"line":23,"column":35},"end":{"line":36,"column":null}},"line":23},"5":{"name":"(anonymous_5)","decl":{"start":{"line":27,"column":16},"end":{"line":27,"column":17}},"loc":{"start":{"line":27,"column":38},"end":{"line":27,"column":null}},"line":27},"6":{"name":"(anonymous_6)","decl":{"start":{"line":28,"column":15},"end":{"line":28,"column":21}},"loc":{"start":{"line":28,"column":21},"end":{"line":34,"column":null}},"line":28},"7":{"name":"useUpdateRequestStatus","decl":{"start":{"line":38,"column":16},"end":{"line":38,"column":41}},"loc":{"start":{"line":38,"column":41},"end":{"line":59,"column":null}},"line":38},"8":{"name":"(anonymous_8)","decl":{"start":{"line":42,"column":16},"end":{"line":42,"column":17}},"loc":{"start":{"line":50,"column":10},"end":{"line":50,"column":null}},"line":50},"9":{"name":"(anonymous_9)","decl":{"start":{"line":51,"column":15},"end":{"line":51,"column":21}},"loc":{"start":{"line":51,"column":21},"end":{"line":57,"column":null}},"line":51},"10":{"name":"useEmailPreview","decl":{"start":{"line":61,"column":16},"end":{"line":61,"column":32}},"loc":{"start":{"line":61,"column":51},"end":{"line":67,"column":null}},"line":61},"11":{"name":"(anonymous_11)","decl":{"start":{"line":64,"column":13},"end":{"line":64,"column":19}},"loc":{"start":{"line":64,"column":19},"end":{"line":64,"column":null}},"line":64},"12":{"name":"useRequestThread","decl":{"start":{"line":69,"column":16},"end":{"line":69,"column":33}},"loc":{"start":{"line":69,"column":59},"end":{"line":76,"column":null}},"line":69},"13":{"name":"(anonymous_13)","decl":{"start":{"line":72,"column":13},"end":{"line":72,"column":19}},"loc":{"start":{"line":72,"column":19},"end":{"line":72,"column":null}},"line":72}},"branchMap":{},"s":{"0":3,"1":3,"2":1,"3":3,"4":1,"5":2,"6":2,"7":1,"8":1,"9":1,"10":1,"11":1,"12":1,"13":2,"14":2,"15":1,"16":1,"17":1,"18":1,"19":1,"20":1,"21":2,"22":1,"23":0,"24":0},"f":{"0":3,"1":1,"2":3,"3":1,"4":2,"5":1,"6":1,"7":2,"8":1,"9":1,"10":2,"11":1,"12":0,"13":0},"b":{},"meta":{"lastBranch":0,"lastFunction":14,"lastStatement":25,"seen":{"f:5:16:5:30":0,"s:6:17:6:Infinity":0,"s:8:2:12:Infinity":1,"f:10:13:10:19":1,"s:10:19:10:Infinity":2,"f:15:16:15:27":2,"s:16:2:20:Infinity":3,"f:18:13:18:19":3,"s:18:19:18:Infinity":4,"f:23:16:23:35":4,"s:24:8:24:Infinity":5,"s:26:2:35:Infinity":6,"f:27:16:27:17":5,"s:27:38:27:Infinity":7,"f:28:15:28:21":6,"s:29:6:29:Infinity":8,"s:30:6:30:Infinity":9,"s:31:6:31:Infinity":10,"s:32:6:32:Infinity":11,"s:33:6:33:Infinity":12,"f:38:16:38:41":7,"s:39:8:39:Infinity":13,"s:41:2:58:Infinity":14,"f:42:16:42:17":8,"s:50:10:50:Infinity":15,"f:51:15:51:21":9,"s:52:6:52:Infinity":16,"s:53:6:53:Infinity":17,"s:54:6:54:Infinity":18,"s:55:6:55:Infinity":19,"s:56:6:56:Infinity":20,"f:61:16:61:32":10,"s:62:2:66:Infinity":21,"f:64:13:64:19":11,"s:64:19:64:Infinity":22,"f:69:16:69:33":12,"s:70:2:75:Infinity":23,"f:72:13:72:19":13,"s:72:19:72:Infinity":24}}}
,"/home/kiril/anti-spam/frontend/src/lib/utils.ts": {"path":"/home/kiril/anti-spam/frontend/src/lib/utils.ts","statementMap":{"0":{"start":{"line":5,"column":2},"end":{"line":5,"column":null}}},"fnMap":{"0":{"name":"cn","decl":{"start":{"line":4,"column":16},"end":{"line":4,"column":22}},"loc":{"start":{"line":4,"column":44},"end":{"line":6,"column":null}},"line":4}},"branchMap":{},"s":{"0":78},"f":{"0":78},"b":{},"meta":{"lastBranch":0,"lastFunction":1,"lastStatement":1,"seen":{"f:4:16:4:22":0,"s:5:2:5:Infinity":0}}}
,"/home/kiril/anti-spam/frontend/src/services/api.ts": {"path":"/home/kiril/anti-spam/frontend/src/services/api.ts","statementMap":{"0":{"start":{"line":27,"column":16},"end":{"line":27,"column":null}},"1":{"start":{"line":29,"column":12},"end":{"line":34,"column":null}},"2":{"start":{"line":36,"column":0},"end":{"line":43,"column":null}},"3":{"start":{"line":37,"column":20},"end":{"line":37,"column":null}},"4":{"start":{"line":38,"column":2},"end":{"line":41,"column":null}},"5":{"start":{"line":39,"column":4},"end":{"line":39,"column":null}},"6":{"start":{"line":40,"column":4},"end":{"line":40,"column":null}},"7":{"start":{"line":42,"column":2},"end":{"line":42,"column":null}},"8":{"start":{"line":45,"column":0},"end":{"line":66,"column":null}},"9":{"start":{"line":46,"column":16},"end":{"line":46,"column":null}},"10":{"start":{"line":48,"column":19},"end":{"line":48,"column":null}},"11":{"start":{"line":49,"column":4},"end":{"line":63,"column":null}},"12":{"start":{"line":51,"column":8},"end":{"line":53,"column":null}},"13":{"start":{"line":54,"column":26},"end":{"line":54,"column":null}},"14":{"start":{"line":55,"column":25},"end":{"line":55,"column":null}},"15":{"start":{"line":56,"column":6},"end":{"line":62,"column":null}},"16":{"start":{"line":64,"column":4},"end":{"line":64,"column":null}},"17":{"start":{"line":69,"column":23},"end":{"line":86,"column":null}},"18":{"start":{"line":71,"column":21},"end":{"line":71,"column":null}},"19":{"start":{"line":72,"column":4},"end":{"line":72,"column":null}},"20":{"start":{"line":76,"column":21},"end":{"line":78,"column":null}},"21":{"start":{"line":79,"column":4},"end":{"line":79,"column":null}},"22":{"start":{"line":83,"column":21},"end":{"line":83,"column":null}},"23":{"start":{"line":84,"column":4},"end":{"line":84,"column":null}},"24":{"start":{"line":89,"column":26},"end":{"line":111,"column":null}},"25":{"start":{"line":91,"column":21},"end":{"line":91,"column":null}},"26":{"start":{"line":92,"column":4},"end":{"line":92,"column":null}},"27":{"start":{"line":96,"column":21},"end":{"line":96,"column":null}},"28":{"start":{"line":97,"column":4},"end":{"line":97,"column":null}},"29":{"start":{"line":101,"column":21},"end":{"line":101,"column":null}},"30":{"start":{"line":102,"column":4},"end":{"line":102,"column":null}},"31":{"start":{"line":106,"column":21},"end":{"line":108,"column":null}},"32":{"start":{"line":109,"column":4},"end":{"line":109,"column":null}},"33":{"start":{"line":114,"column":25},"end":{"line":145,"column":null}},"34":{"start":{"line":117,"column":21},"end":{"line":117,"column":null}},"35":{"start":{"line":118,"column":4},"end":{"line":118,"column":null}},"36":{"start":{"line":123,"column":21},"end":{"line":125,"column":null}},"37":{"start":{"line":126,"column":4},"end":{"line":126,"column":null}},"38":{"start":{"line":132,"column":21},"end":{"line":134,"column":null}},"39":{"start":{"line":135,"column":4},"end":{"line":135,"column":null}},"40":{"start":{"line":140,"column":21},"end":{"line":142,"column":null}},"41":{"start":{"line":143,"column":4},"end":{"line":143,"column":null}},"42":{"start":{"line":148,"column":27},"end":{"line":205,"column":null}},"43":{"start":{"line":151,"column":21},"end":{"line":151,"column":null}},"44":{"start":{"line":152,"column":4},"end":{"line":152,"column":null}},"45":{"start":{"line":157,"column":21},"end":{"line":157,"column":null}},"46":{"start":{"line":158,"column":4},"end":{"line":158,"column":null}},"47":{"start":{"line":162,"column":21},"end":{"line":162,"column":null}},"48":{"start":{"line":163,"column":4},"end":{"line":163,"column":null}},"49":{"start":{"line":167,"column":21},"end":{"line":170,"column":null}},"50":{"start":{"line":171,"column":4},"end":{"line":171,"column":null}},"51":{"start":{"line":175,"column":21},"end":{"line":175,"column":null}},"52":{"start":{"line":176,"column":4},"end":{"line":176,"column":null}},"53":{"start":{"line":180,"column":21},"end":{"line":182,"column":null}},"54":{"start":{"line":183,"column":4},"end":{"line":183,"column":null}},"55":{"start":{"line":187,"column":21},"end":{"line":187,"column":null}},"56":{"start":{"line":188,"column":4},"end":{"line":188,"column":null}},"57":{"start":{"line":192,"column":21},"end":{"line":192,"column":null}},"58":{"start":{"line":193,"column":4},"end":{"line":193,"column":null}},"59":{"start":{"line":197,"column":21},"end":{"line":197,"column":null}},"60":{"start":{"line":198,"column":4},"end":{"line":198,"column":null}},"61":{"start":{"line":202,"column":21},"end":{"line":202,"column":null}},"62":{"start":{"line":203,"column":4},"end":{"line":203,"column":null}},"63":{"start":{"line":208,"column":24},"end":{"line":232,"column":null}},"64":{"start":{"line":211,"column":21},"end":{"line":214,"column":null}},"65":{"start":{"line":215,"column":4},"end":{"line":215,"column":null}},"66":{"start":{"line":219,"column":21},"end":{"line":219,"column":null}},"67":{"start":{"line":220,"column":4},"end":{"line":220,"column":null}},"68":{"start":{"line":224,"column":21},"end":{"line":224,"column":null}},"69":{"start":{"line":225,"column":4},"end":{"line":225,"column":null}},"70":{"start":{"line":229,"column":21},"end":{"line":229,"column":null}},"71":{"start":{"line":230,"column":4},"end":{"line":230,"column":null}},"72":{"start":{"line":235,"column":28},"end":{"line":265,"column":null}},"73":{"start":{"line":238,"column":19},"end":{"line":238,"column":null}},"74":{"start":{"line":239,"column":4},"end":{"line":241,"column":null}},"75":{"start":{"line":240,"column":6},"end":{"line":240,"column":null}},"76":{"start":{"line":242,"column":24},"end":{"line":242,"column":null}},"77":{"start":{"line":243,"column":21},"end":{"line":243,"column":null}},"78":{"start":{"line":244,"column":4},"end":{"line":244,"column":null}},"79":{"start":{"line":248,"column":21},"end":{"line":248,"column":null}},"80":{"start":{"line":249,"column":4},"end":{"line":249,"column":null}},"81":{"start":{"line":254,"column":21},"end":{"line":254,"column":null}},"82":{"start":{"line":255,"column":4},"end":{"line":255,"column":null}},"83":{"start":{"line":262,"column":21},"end":{"line":262,"column":null}},"84":{"start":{"line":263,"column":4},"end":{"line":263,"column":null}},"85":{"start":{"line":268,"column":21},"end":{"line":283,"column":null}},"86":{"start":{"line":270,"column":21},"end":{"line":270,"column":null}},"87":{"start":{"line":271,"column":4},"end":{"line":271,"column":null}},"88":{"start":{"line":275,"column":21},"end":{"line":275,"column":null}},"89":{"start":{"line":276,"column":4},"end":{"line":276,"column":null}},"90":{"start":{"line":280,"column":21},"end":{"line":280,"column":null}},"91":{"start":{"line":281,"column":4},"end":{"line":281,"column":null}},"92":{"start":{"line":286,"column":28},"end":{"line":310,"column":null}},"93":{"start":{"line":289,"column":21},"end":{"line":289,"column":null}},"94":{"start":{"line":290,"column":4},"end":{"line":290,"column":null}},"95":{"start":{"line":294,"column":19},"end":{"line":294,"column":null}},"96":{"start":{"line":295,"column":21},"end":{"line":295,"column":null}},"97":{"start":{"line":296,"column":4},"end":{"line":296,"column":null}},"98":{"start":{"line":301,"column":21},"end":{"line":301,"column":null}},"99":{"start":{"line":302,"column":4},"end":{"line":302,"column":null}},"100":{"start":{"line":307,"column":21},"end":{"line":307,"column":null}},"101":{"start":{"line":308,"column":4},"end":{"line":308,"column":null}},"102":{"start":{"line":313,"column":29},"end":{"line":327,"column":null}},"103":{"start":{"line":320,"column":19},"end":{"line":320,"column":null}},"104":{"start":{"line":321,"column":4},"end":{"line":321,"column":null}},"105":{"start":{"line":321,"column":18},"end":{"line":321,"column":null}},"106":{"start":{"line":322,"column":4},"end":{"line":322,"column":null}},"107":{"start":{"line":322,"column":22},"end":{"line":322,"column":null}},"108":{"start":{"line":324,"column":21},"end":{"line":324,"column":null}},"109":{"start":{"line":325,"column":4},"end":{"line":325,"column":null}},"110":{"start":{"line":330,"column":24},"end":{"line":347,"column":null}},"111":{"start":{"line":332,"column":21},"end":{"line":332,"column":null}},"112":{"start":{"line":333,"column":4},"end":{"line":333,"column":null}},"113":{"start":{"line":337,"column":21},"end":{"line":339,"column":null}},"114":{"start":{"line":340,"column":4},"end":{"line":340,"column":null}},"115":{"start":{"line":344,"column":21},"end":{"line":344,"column":null}},"116":{"start":{"line":345,"column":4},"end":{"line":345,"column":null}}},"fnMap":{"0":{"name":"(anonymous_0)","decl":{"start":{"line":36,"column":29},"end":{"line":36,"column":30}},"loc":{"start":{"line":36,"column":41},"end":{"line":43,"column":1}},"line":36},"1":{"name":"(anonymous_1)","decl":{"start":{"line":46,"column":2},"end":{"line":46,"column":3}},"loc":{"start":{"line":46,"column":16},"end":{"line":46,"column":null}},"line":46},"2":{"name":"(anonymous_2)","decl":{"start":{"line":47,"column":2},"end":{"line":47,"column":3}},"loc":{"start":{"line":47,"column":13},"end":{"line":65,"column":null}},"line":47},"3":{"name":"(anonymous_3)","decl":{"start":{"line":70,"column":9},"end":{"line":70,"column":21}},"loc":{"start":{"line":70,"column":21},"end":{"line":73,"column":null}},"line":70},"4":{"name":"(anonymous_4)","decl":{"start":{"line":75,"column":12},"end":{"line":75,"column":19}},"loc":{"start":{"line":75,"column":51},"end":{"line":80,"column":null}},"line":75},"5":{"name":"(anonymous_5)","decl":{"start":{"line":82,"column":13},"end":{"line":82,"column":25}},"loc":{"start":{"line":82,"column":25},"end":{"line":85,"column":null}},"line":82},"6":{"name":"(anonymous_6)","decl":{"start":{"line":90,"column":8},"end":{"line":90,"column":20}},"loc":{"start":{"line":90,"column":20},"end":{"line":93,"column":null}},"line":90},"7":{"name":"(anonymous_7)","decl":{"start":{"line":95,"column":7},"end":{"line":95,"column":14}},"loc":{"start":{"line":95,"column":35},"end":{"line":98,"column":null}},"line":95},"8":{"name":"(anonymous_8)","decl":{"start":{"line":100,"column":10},"end":{"line":100,"column":17}},"loc":{"start":{"line":100,"column":45},"end":{"line":103,"column":null}},"line":100},"9":{"name":"(anonymous_9)","decl":{"start":{"line":105,"column":8},"end":{"line":105,"column":20}},"loc":{"start":{"line":105,"column":20},"end":{"line":110,"column":null}},"line":105},"10":{"name":"(anonymous_10)","decl":{"start":{"line":115,"column":8},"end":{"line":115,"column":15}},"loc":{"start":{"line":115,"column":39},"end":{"line":119,"column":null}},"line":115},"11":{"name":"(anonymous_11)","decl":{"start":{"line":121,"column":12},"end":{"line":121,"column":19}},"loc":{"start":{"line":121,"column":56},"end":{"line":127,"column":null}},"line":121},"12":{"name":"(anonymous_12)","decl":{"start":{"line":129,"column":17},"end":{"line":129,"column":24}},"loc":{"start":{"line":129,"column":99},"end":{"line":136,"column":null}},"line":129},"13":{"name":"(anonymous_13)","decl":{"start":{"line":138,"column":18},"end":{"line":138,"column":25}},"loc":{"start":{"line":138,"column":52},"end":{"line":144,"column":null}},"line":138},"14":{"name":"(anonymous_14)","decl":{"start":{"line":149,"column":10},"end":{"line":149,"column":17}},"loc":{"start":{"line":149,"column":49},"end":{"line":153,"column":null}},"line":149},"15":{"name":"(anonymous_15)","decl":{"start":{"line":155,"column":8},"end":{"line":155,"column":20}},"loc":{"start":{"line":155,"column":20},"end":{"line":159,"column":null}},"line":155},"16":{"name":"(anonymous_16)","decl":{"start":{"line":161,"column":7},"end":{"line":161,"column":14}},"loc":{"start":{"line":161,"column":36},"end":{"line":164,"column":null}},"line":161},"17":{"name":"(anonymous_17)","decl":{"start":{"line":166,"column":16},"end":{"line":166,"column":23}},"loc":{"start":{"line":166,"column":77},"end":{"line":172,"column":null}},"line":166},"18":{"name":"(anonymous_18)","decl":{"start":{"line":174,"column":19},"end":{"line":174,"column":26}},"loc":{"start":{"line":174,"column":48},"end":{"line":177,"column":null}},"line":174},"19":{"name":"(anonymous_19)","decl":{"start":{"line":179,"column":16},"end":{"line":179,"column":23}},"loc":{"start":{"line":179,"column":45},"end":{"line":184,"column":null}},"line":179},"20":{"name":"(anonymous_20)","decl":{"start":{"line":186,"column":15},"end":{"line":186,"column":22}},"loc":{"start":{"line":186,"column":44},"end":{"line":189,"column":null}},"line":186},"21":{"name":"(anonymous_21)","decl":{"start":{"line":191,"column":14},"end":{"line":191,"column":21}},"loc":{"start":{"line":191,"column":43},"end":{"line":194,"column":null}},"line":191},"22":{"name":"(anonymous_22)","decl":{"start":{"line":196,"column":13},"end":{"line":196,"column":20}},"loc":{"start":{"line":196,"column":42},"end":{"line":199,"column":null}},"line":196},"23":{"name":"(anonymous_23)","decl":{"start":{"line":201,"column":10},"end":{"line":201,"column":17}},"loc":{"start":{"line":201,"column":39},"end":{"line":204,"column":null}},"line":201},"24":{"name":"(anonymous_24)","decl":{"start":{"line":209,"column":13},"end":{"line":209,"column":20}},"loc":{"start":{"line":209,"column":54},"end":{"line":216,"column":null}},"line":209},"25":{"name":"(anonymous_25)","decl":{"start":{"line":218,"column":17},"end":{"line":218,"column":24}},"loc":{"start":{"line":218,"column":43},"end":{"line":221,"column":null}},"line":218},"26":{"name":"(anonymous_26)","decl":{"start":{"line":223,"column":10},"end":{"line":223,"column":17}},"loc":{"start":{"line":223,"column":36},"end":{"line":226,"column":null}},"line":223},"27":{"name":"(anonymous_27)","decl":{"start":{"line":228,"column":13},"end":{"line":228,"column":25}},"loc":{"start":{"line":228,"column":25},"end":{"line":231,"column":null}},"line":228},"28":{"name":"(anonymous_28)","decl":{"start":{"line":236,"column":8},"end":{"line":236,"column":15}},"loc":{"start":{"line":236,"column":38},"end":{"line":245,"column":null}},"line":236},"29":{"name":"(anonymous_29)","decl":{"start":{"line":247,"column":7},"end":{"line":247,"column":14}},"loc":{"start":{"line":247,"column":37},"end":{"line":250,"column":null}},"line":247},"30":{"name":"(anonymous_30)","decl":{"start":{"line":252,"column":17},"end":{"line":252,"column":24}},"loc":{"start":{"line":252,"column":49},"end":{"line":256,"column":null}},"line":252},"31":{"name":"(anonymous_31)","decl":{"start":{"line":258,"column":12},"end":{"line":258,"column":null}},"loc":{"start":{"line":261,"column":7},"end":{"line":264,"column":null}},"line":261},"32":{"name":"(anonymous_32)","decl":{"start":{"line":269,"column":16},"end":{"line":269,"column":28}},"loc":{"start":{"line":269,"column":28},"end":{"line":272,"column":null}},"line":269},"33":{"name":"(anonymous_33)","decl":{"start":{"line":274,"column":10},"end":{"line":274,"column":17}},"loc":{"start":{"line":274,"column":67},"end":{"line":277,"column":null}},"line":274},"34":{"name":"(anonymous_34)","decl":{"start":{"line":279,"column":13},"end":{"line":279,"column":25}},"loc":{"start":{"line":279,"column":25},"end":{"line":282,"column":null}},"line":279},"35":{"name":"(anonymous_35)","decl":{"start":{"line":287,"column":12},"end":{"line":287,"column":24}},"loc":{"start":{"line":287,"column":24},"end":{"line":291,"column":null}},"line":287},"36":{"name":"(anonymous_36)","decl":{"start":{"line":293,"column":20},"end":{"line":293,"column":27}},"loc":{"start":{"line":293,"column":47},"end":{"line":297,"column":null}},"line":293},"37":{"name":"(anonymous_37)","decl":{"start":{"line":299,"column":15},"end":{"line":299,"column":22}},"loc":{"start":{"line":299,"column":44},"end":{"line":303,"column":null}},"line":299},"38":{"name":"(anonymous_38)","decl":{"start":{"line":305,"column":27},"end":{"line":305,"column":39}},"loc":{"start":{"line":305,"column":39},"end":{"line":309,"column":null}},"line":305},"39":{"name":"(anonymous_39)","decl":{"start":{"line":314,"column":8},"end":{"line":314,"column":null}},"loc":{"start":{"line":318,"column":7},"end":{"line":326,"column":null}},"line":318},"40":{"name":"(anonymous_40)","decl":{"start":{"line":331,"column":13},"end":{"line":331,"column":25}},"loc":{"start":{"line":331,"column":25},"end":{"line":334,"column":null}},"line":331},"41":{"name":"(anonymous_41)","decl":{"start":{"line":336,"column":18},"end":{"line":336,"column":25}},"loc":{"start":{"line":336,"column":62},"end":{"line":341,"column":null}},"line":336},"42":{"name":"(anonymous_42)","decl":{"start":{"line":343,"column":16},"end":{"line":343,"column":23}},"loc":{"start":{"line":343,"column":42},"end":{"line":346,"column":null}},"line":343}},"branchMap":{"0":{"loc":{"start":{"line":27,"column":16},"end":{"line":27,"column":null}},"type":"binary-expr","locations":[{"start":{"line":27,"column":16},"end":{"line":27,"column":48}},{"start":{"line":27,"column":48},"end":{"line":27,"column":null}}],"line":27},"1":{"loc":{"start":{"line":38,"column":2},"end":{"line":41,"column":null}},"type":"if","locations":[{"start":{"line":38,"column":2},"end":{"line":41,"column":null}},{"start":{},"end":{}}],"line":38},"2":{"loc":{"start":{"line":39,"column":21},"end":{"line":39,"column":null}},"type":"binary-expr","locations":[{"start":{"line":39,"column":21},"end":{"line":39,"column":39}},{"start":{"line":39,"column":39},"end":{"line":39,"column":null}}],"line":39},"3":{"loc":{"start":{"line":49,"column":4},"end":{"line":63,"column":null}},"type":"if","locations":[{"start":{"line":49,"column":4},"end":{"line":63,"column":null}},{"start":{},"end":{}}],"line":49},"4":{"loc":{"start":{"line":51,"column":8},"end":{"line":53,"column":null}},"type":"binary-expr","locations":[{"start":{"line":51,"column":8},"end":{"line":51,"column":null}},{"start":{"line":52,"column":8},"end":{"line":52,"column":null}},{"start":{"line":53,"column":8},"end":{"line":53,"column":null}}],"line":51},"5":{"loc":{"start":{"line":55,"column":25},"end":{"line":55,"column":null}},"type":"cond-expr","locations":[{"start":{"line":55,"column":39},"end":{"line":55,"column":61}},{"start":{"line":55,"column":61},"end":{"line":55,"column":null}}],"line":55},"6":{"loc":{"start":{"line":60,"column":22},"end":{"line":60,"column":null}},"type":"cond-expr","locations":[{"start":{"line":60,"column":52},"end":{"line":60,"column":65}},{"start":{"line":60,"column":65},"end":{"line":60,"column":null}}],"line":60},"7":{"loc":{"start":{"line":121,"column":19},"end":{"line":121,"column":39}},"type":"default-arg","locations":[{"start":{"line":121,"column":32},"end":{"line":121,"column":39}}],"line":121},"8":{"loc":{"start":{"line":121,"column":39},"end":{"line":121,"column":56}},"type":"default-arg","locations":[{"start":{"line":121,"column":47},"end":{"line":121,"column":56}}],"line":121},"9":{"loc":{"start":{"line":129,"column":24},"end":{"line":129,"column":72}},"type":"default-arg","locations":[{"start":{"line":129,"column":65},"end":{"line":129,"column":72}}],"line":129},"10":{"loc":{"start":{"line":129,"column":72},"end":{"line":129,"column":84}},"type":"default-arg","locations":[{"start":{"line":129,"column":80},"end":{"line":129,"column":84}}],"line":129},"11":{"loc":{"start":{"line":129,"column":84},"end":{"line":129,"column":99}},"type":"default-arg","locations":[{"start":{"line":129,"column":93},"end":{"line":129,"column":99}}],"line":129},"12":{"loc":{"start":{"line":138,"column":25},"end":{"line":138,"column":37}},"type":"default-arg","locations":[{"start":{"line":138,"column":33},"end":{"line":138,"column":37}}],"line":138},"13":{"loc":{"start":{"line":138,"column":37},"end":{"line":138,"column":52}},"type":"default-arg","locations":[{"start":{"line":138,"column":46},"end":{"line":138,"column":52}}],"line":138},"14":{"loc":{"start":{"line":209,"column":20},"end":{"line":209,"column":34}},"type":"default-arg","locations":[{"start":{"line":209,"column":31},"end":{"line":209,"column":34}}],"line":209},"15":{"loc":{"start":{"line":209,"column":34},"end":{"line":209,"column":54}},"type":"default-arg","locations":[{"start":{"line":209,"column":46},"end":{"line":209,"column":54}}],"line":209},"16":{"loc":{"start":{"line":239,"column":4},"end":{"line":241,"column":null}},"type":"if","locations":[{"start":{"line":239,"column":4},"end":{"line":241,"column":null}},{"start":{},"end":{}}],"line":239},"17":{"loc":{"start":{"line":243,"column":67},"end":{"line":243,"column":103}},"type":"cond-expr","locations":[{"start":{"line":243,"column":81},"end":{"line":243,"column":101}},{"start":{"line":243,"column":101},"end":{"line":243,"column":103}}],"line":243},"18":{"loc":{"start":{"line":252,"column":24},"end":{"line":252,"column":49}},"type":"default-arg","locations":[{"start":{"line":252,"column":43},"end":{"line":252,"column":49}}],"line":252},"19":{"loc":{"start":{"line":294,"column":19},"end":{"line":294,"column":null}},"type":"cond-expr","locations":[{"start":{"line":294,"column":28},"end":{"line":294,"column":51}},{"start":{"line":294,"column":51},"end":{"line":294,"column":null}}],"line":294},"20":{"loc":{"start":{"line":299,"column":22},"end":{"line":299,"column":44}},"type":"default-arg","locations":[{"start":{"line":299,"column":37},"end":{"line":299,"column":44}}],"line":299},"21":{"loc":{"start":{"line":317,"column":4},"end":{"line":317,"column":null}},"type":"default-arg","locations":[{"start":{"line":317,"column":15},"end":{"line":317,"column":null}}],"line":317},"22":{"loc":{"start":{"line":321,"column":4},"end":{"line":321,"column":null}},"type":"if","locations":[{"start":{"line":321,"column":4},"end":{"line":321,"column":null}},{"start":{},"end":{}}],"line":321},"23":{"loc":{"start":{"line":322,"column":4},"end":{"line":322,"column":null}},"type":"if","locations":[{"start":{"line":322,"column":4},"end":{"line":322,"column":null}},{"start":{},"end":{}}],"line":322}},"s":{"0":3,"1":3,"2":3,"3":14,"4":14,"5":0,"6":0,"7":14,"8":3,"9":14,"10":0,"11":0,"12":0,"13":0,"14":0,"15":0,"16":0,"17":3,"18":0,"19":0,"20":0,"21":0,"22":0,"23":0,"24":3,"25":2,"26":2,"27":1,"28":1,"29":1,"30":1,"31":1,"32":1,"33":3,"34":0,"35":0,"36":0,"37":0,"38":0,"39":0,"40":0,"41":0,"42":3,"43":1,"44":1,"45":1,"46":1,"47":1,"48":1,"49":1,"50":1,"51":1,"52":1,"53":0,"54":0,"55":0,"56":0,"57":0,"58":0,"59":0,"60":0,"61":0,"62":0,"63":3,"64":0,"65":0,"66":0,"67":0,"68":0,"69":0,"70":0,"71":0,"72":3,"73":0,"74":0,"75":0,"76":0,"77":0,"78":0,"79":0,"80":0,"81":0,"82":0,"83":0,"84":0,"85":3,"86":0,"87":0,"88":0,"89":0,"90":0,"91":0,"92":3,"93":2,"94":2,"95":1,"96":1,"97":1,"98":1,"99":1,"100":0,"101":0,"102":3,"103":0,"104":0,"105":0,"106":0,"107":0,"108":0,"109":0,"110":3,"111":0,"112":0,"113":0,"114":0,"115":0,"116":0},"f":{"0":14,"1":14,"2":0,"3":0,"4":0,"5":0,"6":2,"7":1,"8":1,"9":1,"10":0,"11":0,"12":0,"13":0,"14":1,"15":1,"16":1,"17":1,"18":1,"19":0,"20":0,"21":0,"22":0,"23":0,"24":0,"25":0,"26":0,"27":0,"28":0,"29":0,"30":0,"31":0,"32":0,"33":0,"34":0,"35":2,"36":1,"37":1,"38":0,"39":0,"40":0,"41":0,"42":0},"b":{"0":[3,3],"1":[0,14],"2":[0,0],"3":[0,0],"4":[0,0,0],"5":[0,0],"6":[0,0],"7":[0],"8":[0],"9":[0],"10":[0],"11":[0],"12":[0],"13":[0],"14":[0],"15":[0],"16":[0,0],"17":[0,0],"18":[0],"19":[1,0],"20":[1],"21":[0],"22":[0,0],"23":[0,0]},"meta":{"lastBranch":24,"lastFunction":43,"lastStatement":117,"seen":{"s:27:16:27:Infinity":0,"b:27:16:27:48:27:48:27:Infinity":0,"s:29:12:34:Infinity":1,"s:36:0:43:Infinity":2,"f:36:29:36:30":0,"s:37:20:37:Infinity":3,"b:38:2:41:Infinity:undefined:undefined:undefined:undefined":1,"s:38:2:41:Infinity":4,"s:39:4:39:Infinity":5,"b:39:21:39:39:39:39:39:Infinity":2,"s:40:4:40:Infinity":6,"s:42:2:42:Infinity":7,"s:45:0:66:Infinity":8,"f:46:2:46:3":1,"s:46:16:46:Infinity":9,"f:47:2:47:3":2,"s:48:19:48:Infinity":10,"b:49:4:63:Infinity:undefined:undefined:undefined:undefined":3,"s:49:4:63:Infinity":11,"s:51:8:53:Infinity":12,"b:51:8:51:Infinity:52:8:52:Infinity:53:8:53:Infinity":4,"s:54:26:54:Infinity":13,"s:55:25:55:Infinity":14,"b:55:39:55:61:55:61:55:Infinity":5,"s:56:6:62:Infinity":15,"b:60:52:60:65:60:65:60:Infinity":6,"s:64:4:64:Infinity":16,"s:69:23:86:Infinity":17,"f:70:9:70:21":3,"s:71:21:71:Infinity":18,"s:72:4:72:Infinity":19,"f:75:12:75:19":4,"s:76:21:78:Infinity":20,"s:79:4:79:Infinity":21,"f:82:13:82:25":5,"s:83:21:83:Infinity":22,"s:84:4:84:Infinity":23,"s:89:26:111:Infinity":24,"f:90:8:90:20":6,"s:91:21:91:Infinity":25,"s:92:4:92:Infinity":26,"f:95:7:95:14":7,"s:96:21:96:Infinity":27,"s:97:4:97:Infinity":28,"f:100:10:100:17":8,"s:101:21:101:Infinity":29,"s:102:4:102:Infinity":30,"f:105:8:105:20":9,"s:106:21:108:Infinity":31,"s:109:4:109:Infinity":32,"s:114:25:145:Infinity":33,"f:115:8:115:15":10,"s:117:21:117:Infinity":34,"s:118:4:118:Infinity":35,"f:121:12:121:19":11,"b:121:32:121:39":7,"b:121:47:121:56":8,"s:123:21:125:Infinity":36,"s:126:4:126:Infinity":37,"f:129:17:129:24":12,"b:129:65:129:72":9,"b:129:80:129:84":10,"b:129:93:129:99":11,"s:132:21:134:Infinity":38,"s:135:4:135:Infinity":39,"f:138:18:138:25":13,"b:138:33:138:37":12,"b:138:46:138:52":13,"s:140:21:142:Infinity":40,"s:143:4:143:Infinity":41,"s:148:27:205:Infinity":42,"f:149:10:149:17":14,"s:151:21:151:Infinity":43,"s:152:4:152:Infinity":44,"f:155:8:155:20":15,"s:157:21:157:Infinity":45,"s:158:4:158:Infinity":46,"f:161:7:161:14":16,"s:162:21:162:Infinity":47,"s:163:4:163:Infinity":48,"f:166:16:166:23":17,"s:167:21:170:Infinity":49,"s:171:4:171:Infinity":50,"f:174:19:174:26":18,"s:175:21:175:Infinity":51,"s:176:4:176:Infinity":52,"f:179:16:179:23":19,"s:180:21:182:Infinity":53,"s:183:4:183:Infinity":54,"f:186:15:186:22":20,"s:187:21:187:Infinity":55,"s:188:4:188:Infinity":56,"f:191:14:191:21":21,"s:192:21:192:Infinity":57,"s:193:4:193:Infinity":58,"f:196:13:196:20":22,"s:197:21:197:Infinity":59,"s:198:4:198:Infinity":60,"f:201:10:201:17":23,"s:202:21:202:Infinity":61,"s:203:4:203:Infinity":62,"s:208:24:232:Infinity":63,"f:209:13:209:20":24,"b:209:31:209:34":14,"b:209:46:209:54":15,"s:211:21:214:Infinity":64,"s:215:4:215:Infinity":65,"f:218:17:218:24":25,"s:219:21:219:Infinity":66,"s:220:4:220:Infinity":67,"f:223:10:223:17":26,"s:224:21:224:Infinity":68,"s:225:4:225:Infinity":69,"f:228:13:228:25":27,"s:229:21:229:Infinity":70,"s:230:4:230:Infinity":71,"s:235:28:265:Infinity":72,"f:236:8:236:15":28,"s:238:19:238:Infinity":73,"b:239:4:241:Infinity:undefined:undefined:undefined:undefined":16,"s:239:4:241:Infinity":74,"s:240:6:240:Infinity":75,"s:242:24:242:Infinity":76,"s:243:21:243:Infinity":77,"b:243:81:243:101:243:101:243:103":17,"s:244:4:244:Infinity":78,"f:247:7:247:14":29,"s:248:21:248:Infinity":79,"s:249:4:249:Infinity":80,"f:252:17:252:24":30,"b:252:43:252:49":18,"s:254:21:254:Infinity":81,"s:255:4:255:Infinity":82,"f:258:12:258:Infinity":31,"s:262:21:262:Infinity":83,"s:263:4:263:Infinity":84,"s:268:21:283:Infinity":85,"f:269:16:269:28":32,"s:270:21:270:Infinity":86,"s:271:4:271:Infinity":87,"f:274:10:274:17":33,"s:275:21:275:Infinity":88,"s:276:4:276:Infinity":89,"f:279:13:279:25":34,"s:280:21:280:Infinity":90,"s:281:4:281:Infinity":91,"s:286:28:310:Infinity":92,"f:287:12:287:24":35,"s:289:21:289:Infinity":93,"s:290:4:290:Infinity":94,"f:293:20:293:27":36,"s:294:19:294:Infinity":95,"b:294:28:294:51:294:51:294:Infinity":19,"s:295:21:295:Infinity":96,"s:296:4:296:Infinity":97,"f:299:15:299:22":37,"b:299:37:299:44":20,"s:301:21:301:Infinity":98,"s:302:4:302:Infinity":99,"f:305:27:305:39":38,"s:307:21:307:Infinity":100,"s:308:4:308:Infinity":101,"s:313:29:327:Infinity":102,"f:314:8:314:Infinity":39,"b:317:15:317:Infinity":21,"s:320:19:320:Infinity":103,"b:321:4:321:Infinity:undefined:undefined:undefined:undefined":22,"s:321:4:321:Infinity":104,"s:321:18:321:Infinity":105,"b:322:4:322:Infinity:undefined:undefined:undefined:undefined":23,"s:322:4:322:Infinity":106,"s:322:22:322:Infinity":107,"s:324:21:324:Infinity":108,"s:325:4:325:Infinity":109,"s:330:24:347:Infinity":110,"f:331:13:331:25":40,"s:332:21:332:Infinity":111,"s:333:4:333:Infinity":112,"f:336:18:336:25":41,"s:337:21:339:Infinity":113,"s:340:4:340:Infinity":114,"f:343:16:343:23":42,"s:344:21:344:Infinity":115,"s:345:4:345:Infinity":116}}}
,"/home/kiril/anti-spam/frontend/src/stores/authStore.ts": {"path":"/home/kiril/anti-spam/frontend/src/stores/authStore.ts","statementMap":{"0":{"start":{"line":18,"column":13},"end":{"line":68,"column":null}},"1":{"start":{"line":20,"column":14},"end":{"line":62,"column":null}},"2":{"start":{"line":28,"column":8},"end":{"line":33,"column":null}},"3":{"start":{"line":36,"column":8},"end":{"line":41,"column":null}},"4":{"start":{"line":44,"column":8},"end":{"line":47,"column":null}},"5":{"start":{"line":50,"column":8},"end":{"line":56,"column":null}},"6":{"start":{"line":59,"column":8},"end":{"line":61,"column":null}},"7":{"start":{"line":65,"column":30},"end":{"line":65,"column":null}}},"fnMap":{"0":{"name":"(anonymous_0)","decl":{"start":{"line":20,"column":4},"end":{"line":20,"column":5}},"loc":{"start":{"line":20,"column":14},"end":{"line":62,"column":null}},"line":20},"1":{"name":"(anonymous_1)","decl":{"start":{"line":27,"column":15},"end":{"line":27,"column":16}},"loc":{"start":{"line":28,"column":8},"end":{"line":33,"column":null}},"line":28},"2":{"name":"(anonymous_2)","decl":{"start":{"line":35,"column":18},"end":{"line":35,"column":19}},"loc":{"start":{"line":36,"column":8},"end":{"line":41,"column":null}},"line":36},"3":{"name":"(anonymous_3)","decl":{"start":{"line":43,"column":16},"end":{"line":43,"column":17}},"loc":{"start":{"line":44,"column":8},"end":{"line":47,"column":null}},"line":44},"4":{"name":"(anonymous_4)","decl":{"start":{"line":49,"column":17},"end":{"line":49,"column":null}},"loc":{"start":{"line":50,"column":8},"end":{"line":56,"column":null}},"line":50},"5":{"name":"(anonymous_5)","decl":{"start":{"line":58,"column":18},"end":{"line":58,"column":19}},"loc":{"start":{"line":59,"column":8},"end":{"line":61,"column":null}},"line":59},"6":{"name":"(anonymous_6)","decl":{"start":{"line":65,"column":18},"end":{"line":65,"column":19}},"loc":{"start":{"line":65,"column":30},"end":{"line":65,"column":null}},"line":65}},"branchMap":{},"s":{"0":5,"1":5,"2":2,"3":1,"4":4,"5":14,"6":2,"7":42},"f":{"0":5,"1":2,"2":1,"3":4,"4":14,"5":2,"6":42},"b":{},"meta":{"lastBranch":0,"lastFunction":7,"lastStatement":8,"seen":{"s:18:13:68:Infinity":0,"f:20:4:20:5":0,"s:20:14:62:Infinity":1,"f:27:15:27:16":1,"s:28:8:33:Infinity":2,"f:35:18:35:19":2,"s:36:8:41:Infinity":3,"f:43:16:43:17":3,"s:44:8:47:Infinity":4,"f:49:17:49:Infinity":4,"s:50:8:56:Infinity":5,"f:58:18:58:19":5,"s:59:8:61:Infinity":6,"f:65:18:65:19":6,"s:65:30:65:Infinity":7}}}
,"/home/kiril/anti-spam/frontend/src/stores/rateLimitStore.ts": {"path":"/home/kiril/anti-spam/frontend/src/stores/rateLimitStore.ts","statementMap":{"0":{"start":{"line":15,"column":13},"end":{"line":19,"column":null}},"1":{"start":{"line":15,"column":66},"end":{"line":19,"column":2}},"2":{"start":{"line":17,"column":25},"end":{"line":17,"column":null}},"3":{"start":{"line":18,"column":21},"end":{"line":18,"column":null}}},"fnMap":{"0":{"name":"(anonymous_0)","decl":{"start":{"line":15,"column":56},"end":{"line":15,"column":57}},"loc":{"start":{"line":15,"column":66},"end":{"line":19,"column":2}},"line":15},"1":{"name":"(anonymous_1)","decl":{"start":{"line":17,"column":13},"end":{"line":17,"column":14}},"loc":{"start":{"line":17,"column":25},"end":{"line":17,"column":null}},"line":17},"2":{"name":"(anonymous_2)","decl":{"start":{"line":18,"column":15},"end":{"line":18,"column":21}},"loc":{"start":{"line":18,"column":21},"end":{"line":18,"column":null}},"line":18}},"branchMap":{},"s":{"0":5,"1":5,"2":11,"3":16},"f":{"0":5,"1":11,"2":16},"b":{},"meta":{"lastBranch":0,"lastFunction":3,"lastStatement":4,"seen":{"s:15:13:19:Infinity":0,"f:15:56:15:57":0,"s:15:66:19:2":1,"f:17:13:17:14":1,"s:17:25:17:Infinity":2,"f:18:15:18:21":2,"s:18:21:18:Infinity":3}}}
}
